This is ApacheBench, Version 2.3 <$Revision: 1430300 $>
Copyright 1996 Adam Twiss, Zeus Technology Ltd, http://www.zeustech.net/
Licensed to The Apache Software Foundation, http://www.apache.org/

Benchmarking localhost (be patient)


Server Software:        Jetty(9.4.30.v20200611)
Server Hostname:        localhost
Server Port:            9090

Document Path:          /send?username=testuser&password=testuser&to=919487660738&content=test%20message&from=WECARE
Document Length:        121 bytes

Concurrency Level:      25
Time taken for tests:   5086.545 seconds
Complete requests:      10000000
Failed requests:        0
Write errors:           0
Total transferred:      2700000000 bytes
HTML transferred:       1210000000 bytes
Requests per second:    1965.97 [#/sec] (mean)
Time per request:       12.716 [ms] (mean)
Time per request:       0.509 [ms] (mean, across all concurrent requests)
Transfer rate:          518.37 [Kbytes/sec] received

Connection Times (ms)
              min  mean[+/-sd] median   max
Connect:        0    0   0.5      0     248
Processing:     1   12  29.0      8    3876
Waiting:        0   12  28.9      8    3876
Total:          1   13  29.0      8    3876

Percentage of the requests served within a certain time (ms)
  50%      8
  66%     12
  75%     15
  80%     17
  90%     24
  95%     30
  98%     40
  99%     53
 100%   3876 (longest request)
